============================= test session starts ==============================
platform linux -- Python 3.12.3, pytest-9.0.2, pluggy-1.6.0 -- /mnt/c/Users/ChristopherLewis/PycharmProjects/Cyber-Patriot-Linux-Autimation/.wsl_venv/bin/python3
cachedir: .pytest_cache
rootdir: /mnt/c/Users/ChristopherLewis/PycharmProjects/Cyber-Patriot-Linux-Autimation
configfile: pytest.ini
collecting ... collected 13 items

tests/tests.py::TestShellScripts::test_list_users_script PASSED          [  7%]
tests/tests.py::TestShellScripts::test_list_groups_script PASSED         [ 15%]
tests/tests.py::TestShellScripts::test_group_members_script PASSED       [ 23%]
tests/tests.py::TestShellScripts::test_user_exists_script PASSED         [ 30%]
tests/tests.py::TestAudits::test_audit_users PASSED                      [ 38%]
tests/tests.py::TestAudits::test_audit_groups PASSED                     [ 46%]
tests/tests.py::TestGroupManagement::test_create_group FAILED            [ 53%]
tests/tests.py::TestGroupManagement::test_add_user_to_group FAILED       [ 61%]
tests/tests.py::TestGroupManagement::test_remove_user_from_group FAILED  [ 69%]
tests/tests.py::TestGroupManagement::test_delete_group FAILED            [ 76%]
tests/tests.py::TestUserManagement::test_create_user FAILED              [ 84%]
tests/tests.py::TestUserManagement::test_lock_user FAILED                [ 92%]
tests/tests.py::TestUserManagement::test_delete_user FAILED              [100%]

=================================== FAILURES ===================================
____________________ TestGroupManagement.test_create_group _____________________
tests/tests.py:102: in test_create_group
    assert result is True, f"Failed to create group {test_group_name}"
E   AssertionError: Failed to create group test_group_cyber
E   assert False is True
__________________ TestGroupManagement.test_add_user_to_group __________________
tests/tests.py:109: in test_add_user_to_group
    assert result is True, f"Failed to add user {existing_user} to group {test_group_name}"
E   AssertionError: Failed to add user root to group test_group_cyber
E   assert False is True
_______________ TestGroupManagement.test_remove_user_from_group ________________
tests/tests.py:117: in test_remove_user_from_group
    assert result is True, f"Failed to remove user {existing_user} from group {test_group_name}"
E   AssertionError: Failed to remove user root from group test_group_cyber
E   assert False is True
____________________ TestGroupManagement.test_delete_group _____________________
tests/tests.py:124: in test_delete_group
    assert result is True, f"Failed to delete group {test_group_name}"
E   AssertionError: Failed to delete group test_group_cyber
E   assert False is True
_____________________ TestUserManagement.test_create_user ______________________
tests/tests.py:135: in test_create_user
    assert result is True, f"Failed to create user {test_username}"
E   AssertionError: Failed to create user test_user_cyber
E   assert False is True
______________________ TestUserManagement.test_lock_user _______________________
tests/tests.py:142: in test_lock_user
    assert result is True, f"Failed to lock user {test_username}"
E   AssertionError: Failed to lock user test_user_cyber
E   assert False is True
_____________________ TestUserManagement.test_delete_user ______________________
tests/tests.py:149: in test_delete_user
    assert result is True, f"Failed to delete user {test_username}"
E   AssertionError: Failed to delete user test_user_cyber
E   assert False is True
=========================== short test summary info ============================
FAILED tests/tests.py::TestGroupManagement::test_create_group - AssertionErro...
FAILED tests/tests.py::TestGroupManagement::test_add_user_to_group - Assertio...
FAILED tests/tests.py::TestGroupManagement::test_remove_user_from_group - Ass...
FAILED tests/tests.py::TestGroupManagement::test_delete_group - AssertionErro...
FAILED tests/tests.py::TestUserManagement::test_create_user - AssertionError:...
FAILED tests/tests.py::TestUserManagement::test_lock_user - AssertionError: F...
FAILED tests/tests.py::TestUserManagement::test_delete_user - AssertionError:...
========================= 7 failed, 6 passed in 2.83s ==========================
